<?xml version="1.0" encoding="UTF-8"?>
<testng-results skipped="0" failed="0" ignored="1" total="2" passed="1">
  <reporter-output>
  </reporter-output>
  <suite name="Default suite" duration-ms="10707" started-at="2019-11-15T18:21:08Z" finished-at="2019-11-15T18:21:18Z">
    <groups>
    </groups>
    <test name="Default test" duration-ms="10707" started-at="2019-11-15T18:21:08Z" finished-at="2019-11-15T18:21:18Z">
      <class name="com.rk.apsrtcframework.testscripts.ApsrtcRunner">
        <test-method status="PASS" signature="bookingTickets()[pri:0, instance:com.rk.apsrtcframework.testscripts.ApsrtcRunner@6a41eaa2]" name="bookingTickets" duration-ms="10636" started-at="2019-11-15T18:21:08Z" finished-at="2019-11-15T18:21:18Z">
          <reporter-output>
          </reporter-output>
        </test-method> <!-- bookingTickets -->
      </class> <!-- com.rk.apsrtcframework.testscripts.ApsrtcRunner -->
    </test> <!-- Default test -->
  </suite> <!-- Default suite -->
</testng-results>
