<?xml version="1.0" encoding="UTF-8"?>
<testng-results skipped="0" failed="0" ignored="4" total="6" passed="2">
  <reporter-output>
  </reporter-output>
  <suite name="Default suite" duration-ms="104" started-at="2019-11-16T18:18:32 IST" finished-at="2019-11-16T18:18:32 IST">
    <groups>
      <group name="high">
        <method signature="NTRunner.verifyHomePageTitle()[pri:0, instance:com.k2js.TestNGLearning.testscripts.NTRunner@210366b4]" name="verifyHomePageTitle" class="com.k2js.TestNGLearning.testscripts.NTRunner"/>
        <method signature="NTRunner.verifyHomePageTitle()[pri:0, instance:com.k2js.TestNGLearning.testscripts.NTRunner@1dfe2924]" name="verifyHomePageTitle" class="com.k2js.TestNGLearning.testscripts.NTRunner"/>
      </group> <!-- high -->
    </groups>
    <test name="Chrome Tests" duration-ms="104" started-at="2019-11-16T18:18:32 IST" finished-at="2019-11-16T18:18:32 IST">
      <class name="com.k2js.TestNGLearning.testscripts.NTRunner">
        <test-method status="PASS" signature="readxml(java.lang.String, java.lang.String)[pri:0, instance:com.k2js.TestNGLearning.testscripts.NTRunner@1dfe2924]" name="readxml" is-config="true" duration-ms="41" started-at="2019-11-16T18:18:32 IST" finished-at="2019-11-16T18:18:32 IST">
          <params>
            <param index="0">
              <value>
                <![CDATA[chrome]]>
              </value>
            </param>
            <param index="1">
              <value>
                <![CDATA[local]]>
              </value>
            </param>
          </params>
          <reporter-output>
          </reporter-output>
        </test-method> <!-- readxml -->
        <test-method status="PASS" signature="highGroupInfo()[pri:0, instance:com.k2js.TestNGLearning.testscripts.NTRunner@1dfe2924]" name="highGroupInfo" is-config="true" duration-ms="0" started-at="2019-11-16T18:18:32 IST" finished-at="2019-11-16T18:18:32 IST">
          <reporter-output>
          </reporter-output>
        </test-method> <!-- highGroupInfo -->
        <test-method status="PASS" signature="verifyHomePageTitle()[pri:0, instance:com.k2js.TestNGLearning.testscripts.NTRunner@1dfe2924]" name="verifyHomePageTitle" duration-ms="15" started-at="2019-11-16T18:18:32 IST" finished-at="2019-11-16T18:18:32 IST">
          <reporter-output>
          </reporter-output>
        </test-method> <!-- verifyHomePageTitle -->
        <test-method status="PASS" signature="preCondition()[pri:0, instance:com.k2js.TestNGLearning.testscripts.NTRunner@1dfe2924]" name="preCondition" is-config="true" duration-ms="0" started-at="2019-11-16T18:18:32 IST" finished-at="2019-11-16T18:18:32 IST">
          <reporter-output>
          </reporter-output>
        </test-method> <!-- preCondition -->
        <test-method status="PASS" signature="postConditions()[pri:0, instance:com.k2js.TestNGLearning.testscripts.NTRunner@1dfe2924]" name="postConditions" is-config="true" duration-ms="0" started-at="2019-11-16T18:18:32 IST" finished-at="2019-11-16T18:18:32 IST">
          <reporter-output>
          </reporter-output>
        </test-method> <!-- postConditions -->
      </class> <!-- com.k2js.TestNGLearning.testscripts.NTRunner -->
    </test> <!-- Chrome Tests -->
    <test name="FireFox Tests" duration-ms="104" started-at="2019-11-16T18:18:32 IST" finished-at="2019-11-16T18:18:32 IST">
      <class name="com.k2js.TestNGLearning.testscripts.NTRunner">
        <test-method status="PASS" signature="readxml(java.lang.String, java.lang.String)[pri:0, instance:com.k2js.TestNGLearning.testscripts.NTRunner@210366b4]" name="readxml" is-config="true" duration-ms="31" started-at="2019-11-16T18:18:32 IST" finished-at="2019-11-16T18:18:32 IST">
          <params>
            <param index="0">
              <value>
                <![CDATA[firefox]]>
              </value>
            </param>
            <param index="1">
              <value>
                <![CDATA[local]]>
              </value>
            </param>
          </params>
          <reporter-output>
          </reporter-output>
        </test-method> <!-- readxml -->
        <test-method status="PASS" signature="highGroupInfo()[pri:0, instance:com.k2js.TestNGLearning.testscripts.NTRunner@210366b4]" name="highGroupInfo" is-config="true" duration-ms="0" started-at="2019-11-16T18:18:32 IST" finished-at="2019-11-16T18:18:32 IST">
          <reporter-output>
          </reporter-output>
        </test-method> <!-- highGroupInfo -->
        <test-method status="PASS" signature="preCondition()[pri:0, instance:com.k2js.TestNGLearning.testscripts.NTRunner@210366b4]" name="preCondition" is-config="true" duration-ms="0" started-at="2019-11-16T18:18:32 IST" finished-at="2019-11-16T18:18:32 IST">
          <reporter-output>
          </reporter-output>
        </test-method> <!-- preCondition -->
        <test-method status="PASS" signature="verifyHomePageTitle()[pri:0, instance:com.k2js.TestNGLearning.testscripts.NTRunner@210366b4]" name="verifyHomePageTitle" duration-ms="15" started-at="2019-11-16T18:18:32 IST" finished-at="2019-11-16T18:18:32 IST">
          <reporter-output>
          </reporter-output>
        </test-method> <!-- verifyHomePageTitle -->
        <test-method status="PASS" signature="postConditions()[pri:0, instance:com.k2js.TestNGLearning.testscripts.NTRunner@210366b4]" name="postConditions" is-config="true" duration-ms="0" started-at="2019-11-16T18:18:32 IST" finished-at="2019-11-16T18:18:32 IST">
          <reporter-output>
          </reporter-output>
        </test-method> <!-- postConditions -->
      </class> <!-- com.k2js.TestNGLearning.testscripts.NTRunner -->
    </test> <!-- FireFox Tests -->
  </suite> <!-- Default suite -->
</testng-results>
