<?xml version="1.0" encoding="UTF-8"?>
<testng-results skipped="0" failed="0" ignored="0" total="1" passed="1">
  <reporter-output>
  </reporter-output>
  <suite name="Default suite" duration-ms="71" started-at="2019-10-26T14:02:28Z" finished-at="2019-10-26T14:02:28Z">
    <groups>
    </groups>
    <test name="Default test" duration-ms="71" started-at="2019-10-26T14:02:28Z" finished-at="2019-10-26T14:02:28Z">
      <class name="com.k2js.JenkinsBasics.HelloWorldProgramForTest">
        <test-method status="PASS" signature="f()[pri:0, instance:com.k2js.JenkinsBasics.HelloWorldProgramForTest@47c62251]" name="f" duration-ms="16" started-at="2019-10-26T14:02:28Z" finished-at="2019-10-26T14:02:28Z">
          <reporter-output>
          </reporter-output>
        </test-method> <!-- f -->
      </class> <!-- com.k2js.JenkinsBasics.HelloWorldProgramForTest -->
    </test> <!-- Default test -->
  </suite> <!-- Default suite -->
</testng-results>
