<?xml version="1.0" encoding="UTF-8"?>
<!-- Generated by org.testng.reporters.JUnitXMLReporter -->
<testsuite hostname="Gayathri" ignored="2" name="Chrome Tests" tests="2" failures="0" timestamp="2019-11-16T18:18:33 IST" time="0.104" errors="0">
  <testcase name="verifyHomePageTitle" time="0.015" classname="com.k2js.TestNGLearning.testscripts.NTRunner"/>
  <testcase name="verifyHomePageTitle" time="0.015" classname="com.k2js.TestNGLearning.testscripts.NTRunner"/>
  <testcase name="verifyFlightDetails_Prefrences_Headings" time="0.0" classname="com.k2js.TestNGLearning.testscripts.NTRunner">
    <ignored/>
  </testcase> <!-- verifyFlightDetails_Prefrences_Headings -->
  <testcase name="verifyConformatonMessage" time="0.0" classname="com.k2js.TestNGLearning.testscripts.NTRunner">
    <ignored/>
  </testcase> <!-- verifyConformatonMessage -->
</testsuite> <!-- Chrome Tests -->
