<?xml version="1.0" encoding="UTF-8"?>
<!-- Generated by org.testng.reporters.JUnitXMLReporter -->
<testsuite hostname="Gayathri" ignored="0" name="Default test" tests="3" failures="0" timestamp="2019-11-16T09:46:45 IST" time="0.161" errors="0">
  <testcase name="verifyConformatonMessage" time="0.012" classname="com.k2js.TestNGLearning.testscripts.NTRunner"/>
  <testcase name="verifyHomePageTitle" time="0.005" classname="com.k2js.TestNGLearning.testscripts.NTRunner"/>
  <testcase name="verifyFlightDetails_Prefrences_Headings" time="0.005" classname="com.k2js.TestNGLearning.testscripts.NTRunner"/>
</testsuite> <!-- Default test -->
