<?xml version="1.0" encoding="UTF-8"?>
<!-- Generated by org.testng.reporters.JUnitXMLReporter -->
<testsuite hostname="Gayathri" ignored="1" name="Default test" tests="1" failures="0" timestamp="15 Nov 2019 18:21:18 GMT" time="10.707" errors="0">
  <testcase name="bookingTickets" time="10.636" classname="com.rk.apsrtcframework.testscripts.ApsrtcRunner"/>
  <testcase name="verifyHomepageTitle" time="0.0" classname="com.rk.apsrtcframework.testscripts.ApsrtcRunner">
    <ignored/>
  </testcase> <!-- verifyHomepageTitle -->
</testsuite> <!-- Default test -->
